c:\users\lamec\downloads\ballistic-master\ballistic-master\ballistic_module\intermediates\vc143.pdb
c:\users\lamec\downloads\ballistic-master\ballistic-master\ballistic_module\intermediates\vc143.idb
c:\users\lamec\downloads\ballistic-master\ballistic-master\ballistic_module\intermediates\blake3.obj
c:\users\lamec\downloads\ballistic-master\ballistic-master\ballistic_module\intermediates\ixgzipcodec.obj
c:\users\lamec\downloads\ballistic-master\ballistic-master\ballistic_module\intermediates\ixgetfreeport.obj
c:\users\lamec\downloads\ballistic-master\ballistic-master\ballistic_module\intermediates\ixexponentialbackoff.obj
c:\users\lamec\downloads\ballistic-master\ballistic-master\ballistic_module\intermediates\ixdnslookup.obj
c:\users\lamec\downloads\ballistic-master\ballistic-master\ballistic_module\intermediates\ixconnectionstate.obj
c:\users\lamec\downloads\ballistic-master\ballistic-master\ballistic_module\intermediates\ixcancellationrequest.obj
c:\users\lamec\downloads\ballistic-master\ballistic-master\ballistic_module\intermediates\ixbench.obj
c:\users\lamec\downloads\ballistic-master\ballistic-master\ballistic_module\intermediates\util.obj
c:\users\lamec\downloads\ballistic-master\ballistic-master\ballistic_module\intermediates\timeout.obj
c:\users\lamec\downloads\ballistic-master\ballistic-master\ballistic_module\intermediates\ssl_options.obj
c:\users\lamec\downloads\ballistic-master\ballistic-master\ballistic_module\intermediates\session.obj
c:\users\lamec\downloads\ballistic-master\ballistic-master\ballistic_module\intermediates\proxies.obj
c:\users\lamec\downloads\ballistic-master\ballistic-master\ballistic_module\intermediates\payload.obj
c:\users\lamec\downloads\ballistic-master\ballistic-master\ballistic_module\intermediates\parameters.obj
c:\users\lamec\downloads\ballistic-master\ballistic-master\ballistic_module\intermediates\multipart.obj
c:\users\lamec\downloads\ballistic-master\ballistic-master\ballistic_module\intermediates\error.obj
c:\users\lamec\downloads\ballistic-master\ballistic-master\ballistic_module\intermediates\digest.obj
c:\users\lamec\downloads\ballistic-master\ballistic-master\ballistic_module\intermediates\cprtypes.obj
c:\users\lamec\downloads\ballistic-master\ballistic-master\ballistic_module\intermediates\cookies.obj
c:\users\lamec\downloads\ballistic-master\ballistic-master\ballistic_module\intermediates\auth.obj
c:\users\lamec\downloads\ballistic-master\ballistic-master\ballistic_module\intermediates\ixurlparser.obj
c:\users\lamec\downloads\ballistic-master\ballistic-master\ballistic_module\intermediates\ixudpsocket.obj
c:\users\lamec\downloads\ballistic-master\ballistic-master\ballistic_module\intermediates\ixstrcasecompare.obj
c:\users\lamec\downloads\ballistic-master\ballistic-master\ballistic_module\intermediates\ixsockettlsoptions.obj
c:\users\lamec\downloads\ballistic-master\ballistic-master\ballistic_module\intermediates\ixsocketserver.obj
c:\users\lamec\downloads\ballistic-master\ballistic-master\ballistic_module\intermediates\ixsocketopenssl.obj
c:\users\lamec\downloads\ballistic-master\ballistic-master\ballistic_module\intermediates\ixsocketmbedtls.obj
c:\users\lamec\downloads\ballistic-master\ballistic-master\ballistic_module\intermediates\ixsocketfactory.obj
c:\users\lamec\downloads\ballistic-master\ballistic-master\ballistic_module\intermediates\ixsocketconnect.obj
c:\users\lamec\downloads\ballistic-master\ballistic-master\ballistic_module\intermediates\ixsocketapplessl.obj
c:\users\lamec\downloads\ballistic-master\ballistic-master\ballistic_module\intermediates\ixsocket.obj
c:\users\lamec\downloads\ballistic-master\ballistic-master\ballistic_module\intermediates\ixsetthreadname.obj
c:\users\lamec\downloads\ballistic-master\ballistic-master\ballistic_module\intermediates\ixselectinterruptpipe.obj
c:\users\lamec\downloads\ballistic-master\ballistic-master\ballistic_module\intermediates\ixselectinterruptfactory.obj
c:\users\lamec\downloads\ballistic-master\ballistic-master\ballistic_module\intermediates\ixselectinterruptevent.obj
c:\users\lamec\downloads\ballistic-master\ballistic-master\ballistic_module\intermediates\ixselectinterrupt.obj
c:\users\lamec\downloads\ballistic-master\ballistic-master\ballistic_module\intermediates\ixnetsystem.obj
c:\users\lamec\downloads\ballistic-master\ballistic-master\ballistic_module\intermediates\ixhttpserver.obj
c:\users\lamec\downloads\ballistic-master\ballistic-master\ballistic_module\intermediates\ixhttpclient.obj
c:\users\lamec\downloads\ballistic-master\ballistic-master\ballistic_module\intermediates\ixhttp.obj
c:\users\lamec\downloads\ballistic-master\ballistic-master\ballistic_module\intermediates\builtinfolding.obj
c:\users\lamec\downloads\ballistic-master\ballistic-master\ballistic_module\intermediates\timetrace.obj
c:\users\lamec\downloads\ballistic-master\ballistic-master\ballistic_module\intermediates\stringutils.obj
c:\users\lamec\downloads\ballistic-master\ballistic-master\ballistic_module\intermediates\parser.obj
c:\users\lamec\downloads\ballistic-master\ballistic-master\ballistic_module\intermediates\location.obj
c:\users\lamec\downloads\ballistic-master\ballistic-master\ballistic_module\intermediates\lexer.obj
c:\users\lamec\downloads\ballistic-master\ballistic-master\ballistic_module\intermediates\confusables.obj
c:\users\lamec\downloads\ballistic-master\ballistic-master\ballistic_module\intermediates\ast.obj
c:\users\lamec\downloads\ballistic-master\ballistic-master\ballistic_module\intermediates\ixwebsockettransport.obj
c:\users\lamec\downloads\ballistic-master\ballistic-master\ballistic_module\intermediates\ixwebsocketserver.obj
c:\users\lamec\downloads\ballistic-master\ballistic-master\ballistic_module\intermediates\ixwebsocketproxyserver.obj
c:\users\lamec\downloads\ballistic-master\ballistic-master\ballistic_module\intermediates\ixwebsocketpermessagedeflateoptions.obj
c:\users\lamec\downloads\ballistic-master\ballistic-master\ballistic_module\intermediates\ixwebsocketpermessagedeflatecodec.obj
c:\users\lamec\downloads\ballistic-master\ballistic-master\ballistic_module\intermediates\ixwebsocketpermessagedeflate.obj
c:\users\lamec\downloads\ballistic-master\ballistic-master\ballistic_module\intermediates\ixwebsockethttpheaders.obj
c:\users\lamec\downloads\ballistic-master\ballistic-master\ballistic_module\intermediates\ixwebsockethandshake.obj
c:\users\lamec\downloads\ballistic-master\ballistic-master\ballistic_module\intermediates\ixwebsocketcloseconstants.obj
c:\users\lamec\downloads\ballistic-master\ballistic-master\ballistic_module\intermediates\ixwebsocket.obj
c:\users\lamec\downloads\ballistic-master\ballistic-master\ballistic_module\intermediates\ixuuid.obj
c:\users\lamec\downloads\ballistic-master\ballistic-master\ballistic_module\intermediates\ixuseragent.obj
c:\users\lamec\downloads\ballistic-master\ballistic-master\ballistic_module\intermediates\ldo.obj
c:\users\lamec\downloads\ballistic-master\ballistic-master\ballistic_module\intermediates\ldebug.obj
c:\users\lamec\downloads\ballistic-master\ballistic-master\ballistic_module\intermediates\ldblib.obj
c:\users\lamec\downloads\ballistic-master\ballistic-master\ballistic_module\intermediates\lcorolib.obj
c:\users\lamec\downloads\ballistic-master\ballistic-master\ballistic_module\intermediates\lbuiltins.obj
c:\users\lamec\downloads\ballistic-master\ballistic-master\ballistic_module\intermediates\lbuflib.obj
c:\users\lamec\downloads\ballistic-master\ballistic-master\ballistic_module\intermediates\lbuffer.obj
c:\users\lamec\downloads\ballistic-master\ballistic-master\ballistic_module\intermediates\lbitlib.obj
c:\users\lamec\downloads\ballistic-master\ballistic-master\ballistic_module\intermediates\lbaselib.obj
c:\users\lamec\downloads\ballistic-master\ballistic-master\ballistic_module\intermediates\laux.obj
c:\users\lamec\downloads\ballistic-master\ballistic-master\ballistic_module\intermediates\lapi.obj
c:\users\lamec\downloads\ballistic-master\ballistic-master\ballistic_module\intermediates\valuetracking.obj
c:\users\lamec\downloads\ballistic-master\ballistic-master\ballistic_module\intermediates\types.obj
c:\users\lamec\downloads\ballistic-master\ballistic-master\ballistic_module\intermediates\tableshape.obj
c:\users\lamec\downloads\ballistic-master\ballistic-master\ballistic_module\intermediates\lcode.obj
c:\users\lamec\downloads\ballistic-master\ballistic-master\ballistic_module\intermediates\costmodel.obj
c:\users\lamec\downloads\ballistic-master\ballistic-master\ballistic_module\intermediates\constantfolding.obj
c:\users\lamec\downloads\ballistic-master\ballistic-master\ballistic_module\intermediates\compiler.obj
c:\users\lamec\downloads\ballistic-master\ballistic-master\ballistic_module\intermediates\bytecodebuilder.obj
c:\users\lamec\downloads\ballistic-master\ballistic-master\ballistic_module\intermediates\builtins.obj
c:\users\lamec\downloads\ballistic-master\ballistic-master\ballistic_module\intermediates\lvmload.obj
c:\users\lamec\downloads\ballistic-master\ballistic-master\ballistic_module\intermediates\lvmexecute.obj
c:\users\lamec\downloads\ballistic-master\ballistic-master\ballistic_module\intermediates\lutf8lib.obj
c:\users\lamec\downloads\ballistic-master\ballistic-master\ballistic_module\intermediates\ludata.obj
c:\users\lamec\downloads\ballistic-master\ballistic-master\ballistic_module\intermediates\ltm.obj
c:\users\lamec\downloads\ballistic-master\ballistic-master\ballistic_module\intermediates\ltablib.obj
c:\users\lamec\downloads\ballistic-master\ballistic-master\ballistic_module\intermediates\ltable.obj
c:\users\lamec\downloads\ballistic-master\ballistic-master\ballistic_module\intermediates\lstrlib.obj
c:\users\lamec\downloads\ballistic-master\ballistic-master\ballistic_module\intermediates\lstring.obj
c:\users\lamec\downloads\ballistic-master\ballistic-master\ballistic_module\intermediates\lstate.obj
c:\users\lamec\downloads\ballistic-master\ballistic-master\ballistic_module\intermediates\lperf.obj
c:\users\lamec\downloads\ballistic-master\ballistic-master\ballistic_module\intermediates\loslib.obj
c:\users\lamec\downloads\ballistic-master\ballistic-master\ballistic_module\intermediates\lobject.obj
c:\users\lamec\downloads\ballistic-master\ballistic-master\ballistic_module\intermediates\lnumprint.obj
c:\users\lamec\downloads\ballistic-master\ballistic-master\ballistic_module\intermediates\lmem.obj
c:\users\lamec\downloads\ballistic-master\ballistic-master\ballistic_module\intermediates\lmathlib.obj
c:\users\lamec\downloads\ballistic-master\ballistic-master\ballistic_module\intermediates\linit.obj
c:\users\lamec\downloads\ballistic-master\ballistic-master\ballistic_module\intermediates\lgcdebug.obj
c:\users\lamec\downloads\ballistic-master\ballistic-master\ballistic_module\intermediates\lgc.obj
c:\users\lamec\downloads\ballistic-master\ballistic-master\ballistic_module\intermediates\lfunc.obj
c:\users\lamec\downloads\ballistic-master\ballistic-master\ballistic_module\intermediates\renderview.obj
c:\users\lamec\downloads\ballistic-master\ballistic-master\ballistic_module\intermediates\graphics.obj
c:\users\lamec\downloads\ballistic-master\ballistic-master\ballistic_module\intermediates\datamodel.obj
c:\users\lamec\downloads\ballistic-master\ballistic-master\ballistic_module\intermediates\teleporthandler.obj
c:\users\lamec\downloads\ballistic-master\ballistic-master\ballistic_module\intermediates\scheduler.obj
c:\users\lamec\downloads\ballistic-master\ballistic-master\ballistic_module\intermediates\entrypoint.obj
c:\users\lamec\downloads\ballistic-master\ballistic-master\ballistic_module\intermediates\communication.obj
c:\users\lamec\downloads\ballistic-master\ballistic-master\ballistic_module\intermediates\execution.obj
c:\users\lamec\downloads\ballistic-master\ballistic-master\ballistic_module\intermediates\websocket.obj
c:\users\lamec\downloads\ballistic-master\ballistic-master\ballistic_module\intermediates\script.obj
c:\users\lamec\downloads\ballistic-master\ballistic-master\ballistic_module\intermediates\metatable.obj
c:\users\lamec\downloads\ballistic-master\ballistic-master\ballistic_module\intermediates\http.obj
c:\users\lamec\downloads\ballistic-master\ballistic-master\ballistic_module\intermediates\filesystem.obj
c:\users\lamec\downloads\ballistic-master\ballistic-master\ballistic_module\intermediates\environment.obj
c:\users\lamec\downloads\ballistic-master\ballistic-master\ballistic_module\intermediates\debug.obj
c:\users\lamec\downloads\ballistic-master\ballistic-master\ballistic_module\intermediates\crypt.obj
c:\users\lamec\downloads\ballistic-master\ballistic-master\ballistic_module\intermediates\closure.obj
c:\users\lamec\downloads\ballistic-master\ballistic-master\ballistic_module\intermediates\cache.obj
c:\users\lamec\downloads\ballistic-master\ballistic-master\ballistic_module\intermediates\oxorany.obj
c:\users\lamec\downloads\ballistic-master\ballistic-master\ballistic_module\intermediates\lvmutils.obj
c:\users\lamec\downloads\ballistic-master\ballistic-master\ballistic_module\intermediates\yielder.obj
c:\users\lamec\downloads\ballistic-master\ballistic-master\ballistic_module\intermediates\taskscheduler.obj
c:\users\lamec\downloads\ballistic-master\ballistic-master\ballistic_module\intermediates\rbx.obj
c:\users\lamec\downloads\ballistic-master\ballistic-master\ballistic_module\intermediates\logreader.obj
c:\users\lamec\downloads\ballistic-master\ballistic-master\ballistic_module\intermediates\identitymanager.obj
c:\users\lamec\downloads\ballistic-master\ballistic-master\ballistic_module\intermediates\visualengine.obj
c:\users\lamec\downloads\ballistic-master\ballistic-master\build\ballistic_module.dll
c:\users\lamec\downloads\ballistic-master\ballistic-master\ballistic_module\intermediates\ballistic_module.res
c:\users\lamec\downloads\ballistic-master\ballistic-master\build\ballistic_module.lib
c:\users\lamec\downloads\ballistic-master\ballistic-master\build\ballistic_module.exp
c:\users\lamec\downloads\ballistic-master\ballistic-master\ballistic_module\intermediates\ballistic_module.ilk
c:\users\lamec\downloads\ballistic-master\ballistic-master\ballistic_module\intermediates\ballistic_module.vcxproj.filelistabsolute.txt
c:\users\lamec\downloads\ballistic-master\ballistic-master\ballistic_module\intermediates\ballistic_module.tlog\cl.command.1.tlog
c:\users\lamec\downloads\ballistic-master\ballistic-master\ballistic_module\intermediates\ballistic_module.tlog\cl.items.tlog
c:\users\lamec\downloads\ballistic-master\ballistic-master\ballistic_module\intermediates\ballistic_module.tlog\cl.read.1.tlog
c:\users\lamec\downloads\ballistic-master\ballistic-master\ballistic_module\intermediates\ballistic_module.tlog\cl.write.1.tlog
c:\users\lamec\downloads\ballistic-master\ballistic-master\ballistic_module\intermediates\ballistic_module.tlog\link.command.1.tlog
c:\users\lamec\downloads\ballistic-master\ballistic-master\ballistic_module\intermediates\ballistic_module.tlog\link.read.1.tlog
c:\users\lamec\downloads\ballistic-master\ballistic-master\ballistic_module\intermediates\ballistic_module.tlog\link.secondary.1.tlog
c:\users\lamec\downloads\ballistic-master\ballistic-master\ballistic_module\intermediates\ballistic_module.tlog\link.write.1.tlog
c:\users\lamec\downloads\ballistic-master\ballistic-master\ballistic_module\intermediates\ballistic_module.tlog\rc.command.1.tlog
c:\users\lamec\downloads\ballistic-master\ballistic-master\ballistic_module\intermediates\ballistic_module.tlog\rc.read.1.tlog
c:\users\lamec\downloads\ballistic-master\ballistic-master\ballistic_module\intermediates\ballistic_module.tlog\rc.write.1.tlog
