c:\users\lamec\downloads\ballistic-master\ballistic-master\ballistic_overlay\intermediates\vc143.pdb
c:\users\lamec\downloads\ballistic-master\ballistic-master\ballistic_overlay\intermediates\vc143.idb
c:\users\lamec\downloads\ballistic-master\ballistic-master\ballistic_overlay\intermediates\imgui_widgets.obj
c:\users\lamec\downloads\ballistic-master\ballistic-master\ballistic_overlay\intermediates\imgui_tables.obj
c:\users\lamec\downloads\ballistic-master\ballistic-master\ballistic_overlay\intermediates\imgui_impl_win32.obj
c:\users\lamec\downloads\ballistic-master\ballistic-master\ballistic_overlay\intermediates\imgui_impl_dx11.obj
c:\users\lamec\downloads\ballistic-master\ballistic-master\ballistic_overlay\intermediates\imgui_draw.obj
c:\users\lamec\downloads\ballistic-master\ballistic-master\ballistic_overlay\intermediates\imgui_demo.obj
c:\users\lamec\downloads\ballistic-master\ballistic-master\ballistic_overlay\intermediates\imgui.obj
c:\users\lamec\downloads\ballistic-master\ballistic-master\ballistic_overlay\intermediates\util.obj
c:\users\lamec\downloads\ballistic-master\ballistic-master\ballistic_overlay\intermediates\timeout.obj
c:\users\lamec\downloads\ballistic-master\ballistic-master\ballistic_overlay\intermediates\ssl_options.obj
c:\users\lamec\downloads\ballistic-master\ballistic-master\ballistic_overlay\intermediates\session.obj
c:\users\lamec\downloads\ballistic-master\ballistic-master\ballistic_overlay\intermediates\proxies.obj
c:\users\lamec\downloads\ballistic-master\ballistic-master\ballistic_overlay\intermediates\payload.obj
c:\users\lamec\downloads\ballistic-master\ballistic-master\ballistic_overlay\intermediates\parameters.obj
c:\users\lamec\downloads\ballistic-master\ballistic-master\ballistic_overlay\intermediates\multipart.obj
c:\users\lamec\downloads\ballistic-master\ballistic-master\ballistic_overlay\intermediates\error.obj
c:\users\lamec\downloads\ballistic-master\ballistic-master\ballistic_overlay\intermediates\digest.obj
c:\users\lamec\downloads\ballistic-master\ballistic-master\ballistic_overlay\intermediates\cprtypes.obj
c:\users\lamec\downloads\ballistic-master\ballistic-master\ballistic_overlay\intermediates\cookies.obj
c:\users\lamec\downloads\ballistic-master\ballistic-master\ballistic_overlay\intermediates\auth.obj
c:\users\lamec\downloads\ballistic-master\ballistic-master\ballistic_overlay\intermediates\overlayhook.obj
c:\users\lamec\downloads\ballistic-master\ballistic-master\ballistic_overlay\intermediates\entrypoint.obj
c:\users\lamec\downloads\ballistic-master\ballistic-master\ballistic_overlay\intermediates\communication.obj
c:\users\lamec\downloads\ballistic-master\ballistic-master\ballistic_overlay\intermediates\actionlogger.obj
c:\users\lamec\downloads\ballistic-master\ballistic-master\ballistic_overlay\intermediates\texteditor.obj
c:\users\lamec\downloads\ballistic-master\ballistic-master\ballistic_overlay\intermediates\ballistic_overlay.vcxproj.filelistabsolute.txt
c:\users\lamec\downloads\ballistic-master\ballistic-master\ballistic_overlay\intermediates\ballisti.88a29c1d.tlog\cl.command.1.tlog
c:\users\lamec\downloads\ballistic-master\ballistic-master\ballistic_overlay\intermediates\ballisti.88a29c1d.tlog\cl.read.1.tlog
c:\users\lamec\downloads\ballistic-master\ballistic-master\ballistic_overlay\intermediates\ballisti.88a29c1d.tlog\cl.write.1.tlog
c:\users\lamec\downloads\ballistic-master\ballistic-master\ballistic_overlay\intermediates\ballisti.88a29c1d.tlog\link-cvtres.read.1.tlog
c:\users\lamec\downloads\ballistic-master\ballistic-master\ballistic_overlay\intermediates\ballisti.88a29c1d.tlog\link-cvtres.write.1.tlog
c:\users\lamec\downloads\ballistic-master\ballistic-master\ballistic_overlay\intermediates\ballisti.88a29c1d.tlog\link-rc.read.1.tlog
c:\users\lamec\downloads\ballistic-master\ballistic-master\ballistic_overlay\intermediates\ballisti.88a29c1d.tlog\link-rc.write.1.tlog
c:\users\lamec\downloads\ballistic-master\ballistic-master\ballistic_overlay\intermediates\ballisti.88a29c1d.tlog\link.command.1.tlog
c:\users\lamec\downloads\ballistic-master\ballistic-master\ballistic_overlay\intermediates\ballisti.88a29c1d.tlog\link.read.1.tlog
c:\users\lamec\downloads\ballistic-master\ballistic-master\ballistic_overlay\intermediates\ballisti.88a29c1d.tlog\link.write.1.tlog
